-------------------------------------------------------------------------------
Test set: Tests
-------------------------------------------------------------------------------
Tests run: 16, Failures: 2, Errors: 0, Skipped: 0, Time elapsed: 2.544 sec <<< FAILURE!
wdateTestString(Tests)  Time elapsed: 0.009 sec  <<< FAILURE!
java.lang.AssertionError: Неверный формат даты!!!
	at org.testng.Assert.fail(Assert.java:97)
	at Tests.wdateTestString(Tests.java:64)

wdateTestStringNegative(Tests)  Time elapsed: 0 sec  <<< FAILURE!
java.lang.AssertionError: Неверный формат даты!!!
	at org.testng.Assert.fail(Assert.java:97)
	at Tests.wdateTestStringNegative(Tests.java:76)

